<?xml version="1.0" encoding="UTF-8"?>
<!-- Generated by org.testng.reporters.JUnitXMLReporter -->
<testsuite ignored="0" hostname="HARSHITA" failures="2" tests="4" name="Test" time="22.623" errors="0" timestamp="01 Sep 2018 19:05:37 GMT">
  <testcase classname="testNGListeners1.TestCase1" name="AmazonTitleMatch" time="0.018">
    <failure type="java.lang.AssertionError" message="expected [true] but found [false]">
      <![CDATA[java.lang.AssertionError: expected [true] but found [false]
at testNGListeners1.TestCase1.AmazonTitleMatch(TestCase1.java:32)
... Removed 29 stack frames]]>
    </failure>
  </testcase> <!-- AmazonTitleMatch -->
  <testcase classname="testNGListeners1.TestCase1" name="AmazonTitleVerify" time="1.752"/>
  <testcase classname="testNGListeners1.TestCase2" name="GoogleTitleMatch" time="0.006">
    <failure type="java.lang.AssertionError" message="expected [true] but found [false]">
      <![CDATA[java.lang.AssertionError: expected [true] but found [false]
at testNGListeners1.TestCase2.GoogleTitleMatch(TestCase2.java:32)
... Removed 29 stack frames]]>
    </failure>
  </testcase> <!-- GoogleTitleMatch -->
  <testcase classname="testNGListeners1.TestCase2" name="GoogleTitleVerify" time="0.937"/>
</testsuite> <!-- Test -->
